03-16 13:16:31 com_github_MitjaNemec_PlaceFootprints.action_place_footprints 674:Plugin executed on: 'darwin'
03-16 13:16:31 com_github_MitjaNemec_PlaceFootprints.action_place_footprints 675:Plugin executed with python version: '3.9.13 (v3.9.13:6de2ca5339, May 17 2022, 11:37:23) \n[Clang 13.0.0 (clang-1300.0.29.30)]'
03-16 13:16:31 com_github_MitjaNemec_PlaceFootprints.action_place_footprints 676:KiCad build version: 9.0.5
03-16 13:16:31 com_github_MitjaNemec_PlaceFootprints.action_place_footprints 677:Plugin version: 4.0.1
03-16 13:16:31 com_github_MitjaNemec_PlaceFootprints.action_place_footprints 678:Frame repr: <wx._core.Frame object at 0x16f5779d0>
03-16 13:16:31 com_github_MitjaNemec_PlaceFootprints.place_footprints 121:getting a list of all footprints on board
03-16 13:16:31 com_github_MitjaNemec_PlaceFootprints.place_footprints 156:Footprint J110 on root level
03-16 13:16:31 com_github_MitjaNemec_PlaceFootprints.place_footprints 156:Footprint J109 on root level
03-16 13:16:31 com_github_MitjaNemec_PlaceFootprints.place_footprints 156:Footprint J108 on root level
03-16 13:16:31 com_github_MitjaNemec_PlaceFootprints.place_footprints 156:Footprint J107 on root level
03-16 13:16:31 com_github_MitjaNemec_PlaceFootprints.place_footprints 156:Footprint J106 on root level
03-16 13:16:31 com_github_MitjaNemec_PlaceFootprints.place_footprints 156:Footprint J105 on root level
03-16 13:16:31 com_github_MitjaNemec_PlaceFootprints.place_footprints 156:Footprint J104 on root level
03-16 13:16:31 com_github_MitjaNemec_PlaceFootprints.place_footprints 156:Footprint J103 on root level
03-16 13:16:31 com_github_MitjaNemec_PlaceFootprints.place_footprints 156:Footprint J102 on root level
03-16 13:16:31 com_github_MitjaNemec_PlaceFootprints.place_footprints 156:Footprint J101 on root level
03-16 13:16:31 com_github_MitjaNemec_PlaceFootprints.place_footprints 156:Footprint H104 on root level
03-16 13:16:31 com_github_MitjaNemec_PlaceFootprints.place_footprints 156:Footprint H103 on root level
03-16 13:16:31 com_github_MitjaNemec_PlaceFootprints.place_footprints 156:Footprint H102 on root level
03-16 13:16:31 com_github_MitjaNemec_PlaceFootprints.place_footprints 156:Footprint H101 on root level
03-16 13:16:31 com_github_MitjaNemec_PlaceFootprints.action_place_footprints 717:Reference footprint='H101'
03-16 13:16:33 com_github_MitjaNemec_PlaceFootprints.action_place_footprints 858:Reference designator is: H
03-16 13:16:33 com_github_MitjaNemec_PlaceFootprints.action_place_footprints 859:Reference number is: 101
03-16 13:16:33 com_github_MitjaNemec_PlaceFootprints.action_place_footprints 891:Sorted and filtered list:
['H101', 'H102', 'H103', 'H104']
03-16 13:16:33 com_github_MitjaNemec_PlaceFootprints.action_place_footprints 376:wx.Colour(38, 38, 38, 255)
03-16 13:16:57 com_github_MitjaNemec_PlaceFootprints.action_place_footprints 507:'46.8'
03-16 13:16:57 com_github_MitjaNemec_PlaceFootprints.action_place_footprints 559:Preparing config for reference circular
03-16 13:16:57 com_github_MitjaNemec_PlaceFootprints.action_place_footprints 573:Saving config file
03-16 13:16:57 com_github_MitjaNemec_PlaceFootprints.action_place_footprints 575:Saved the config file
03-16 13:16:57 com_github_MitjaNemec_PlaceFootprints.action_place_footprints 929:Footprints to place:
['H101', 'H102', 'H103', 'H104']
03-16 13:16:57 com_github_MitjaNemec_PlaceFootprints.place_footprints 359:Starting placing with circular layout
03-16 13:16:57 com_github_MitjaNemec_PlaceFootprints.place_footprints 369:reference footprint position at: VECTOR2I(46800000, 0)
03-16 13:16:57 com_github_MitjaNemec_PlaceFootprints.place_footprints 374:rotation center at: (46800000, 46800000.0)
03-16 13:16:57 com_github_MitjaNemec_PlaceFootprints.place_footprints 506:Text of: H101 has property "Keep upright" rotation might not look as intended
03-16 13:16:57 com_github_MitjaNemec_PlaceFootprints.place_footprints 506:Text of: H101 has property "Keep upright" rotation might not look as intended
03-16 13:16:57 com_github_MitjaNemec_PlaceFootprints.place_footprints 506:Text of: H101 has property "Keep upright" rotation might not look as intended
03-16 13:16:57 com_github_MitjaNemec_PlaceFootprints.place_footprints 506:Text of: H101 has property "Keep upright" rotation might not look as intended
03-16 13:16:57 com_github_MitjaNemec_PlaceFootprints.place_footprints 506:Text of: H101 has property "Keep upright" rotation might not look as intended
03-16 13:16:57 com_github_MitjaNemec_PlaceFootprints.place_footprints 506:Text of: H101 has property "Keep upright" rotation might not look as intended
03-16 13:16:57 com_github_MitjaNemec_PlaceFootprints.place_footprints 506:Text of: H101 has property "Keep upright" rotation might not look as intended
03-16 13:16:57 com_github_MitjaNemec_PlaceFootprints.place_footprints 506:Text of: H101 has property "Keep upright" rotation might not look as intended
03-16 13:16:57 com_github_MitjaNemec_PlaceFootprints.place_footprints 506:Text of: H101 has property "Keep upright" rotation might not look as intended
03-16 13:16:57 com_github_MitjaNemec_PlaceFootprints.action_place_footprints 944:Placing complete
