12-04 20:02:29 com_github_MitjaNemec_PlaceFootprints.action_place_footprints 674:Plugin executed on: 'darwin'
12-04 20:02:29 com_github_MitjaNemec_PlaceFootprints.action_place_footprints 675:Plugin executed with python version: '3.9.13 (v3.9.13:6de2ca5339, May 17 2022, 11:37:23) \n[Clang 13.0.0 (clang-1300.0.29.30)]'
12-04 20:02:29 com_github_MitjaNemec_PlaceFootprints.action_place_footprints 676:KiCad build version: 9.0.5
12-04 20:02:29 com_github_MitjaNemec_PlaceFootprints.action_place_footprints 677:Plugin version: 4.0.1
12-04 20:02:29 com_github_MitjaNemec_PlaceFootprints.action_place_footprints 678:Frame repr: <wx._core.Frame object at 0x30413cdc0>
12-04 20:02:29 com_github_MitjaNemec_PlaceFootprints.place_footprints 121:getting a list of all footprints on board
12-04 20:02:29 com_github_MitjaNemec_PlaceFootprints.place_footprints 156:Footprint J1 on root level
12-04 20:02:29 com_github_MitjaNemec_PlaceFootprints.place_footprints 156:Footprint J3 on root level
12-04 20:02:29 com_github_MitjaNemec_PlaceFootprints.place_footprints 156:Footprint J4 on root level
12-04 20:02:29 com_github_MitjaNemec_PlaceFootprints.place_footprints 156:Footprint J5 on root level
12-04 20:02:29 com_github_MitjaNemec_PlaceFootprints.place_footprints 156:Footprint J6 on root level
12-04 20:02:29 com_github_MitjaNemec_PlaceFootprints.place_footprints 156:Footprint TP6 on root level
12-04 20:02:29 com_github_MitjaNemec_PlaceFootprints.place_footprints 156:Footprint TP5 on root level
12-04 20:02:29 com_github_MitjaNemec_PlaceFootprints.place_footprints 156:Footprint TP4 on root level
12-04 20:02:29 com_github_MitjaNemec_PlaceFootprints.place_footprints 156:Footprint TP3 on root level
12-04 20:02:29 com_github_MitjaNemec_PlaceFootprints.place_footprints 156:Footprint TP2 on root level
12-04 20:02:29 com_github_MitjaNemec_PlaceFootprints.place_footprints 156:Footprint TP1 on root level
12-04 20:02:29 com_github_MitjaNemec_PlaceFootprints.place_footprints 156:Footprint R4 on root level
12-04 20:02:29 com_github_MitjaNemec_PlaceFootprints.place_footprints 156:Footprint R3 on root level
12-04 20:02:29 com_github_MitjaNemec_PlaceFootprints.place_footprints 156:Footprint R2 on root level
12-04 20:02:29 com_github_MitjaNemec_PlaceFootprints.place_footprints 156:Footprint R1 on root level
12-04 20:02:29 com_github_MitjaNemec_PlaceFootprints.place_footprints 156:Footprint D4 on root level
12-04 20:02:29 com_github_MitjaNemec_PlaceFootprints.place_footprints 156:Footprint D3 on root level
12-04 20:02:29 com_github_MitjaNemec_PlaceFootprints.place_footprints 156:Footprint D2 on root level
12-04 20:02:29 com_github_MitjaNemec_PlaceFootprints.place_footprints 156:Footprint D1 on root level
12-04 20:02:29 com_github_MitjaNemec_PlaceFootprints.action_place_footprints 717:Reference footprint='U69'
12-04 20:02:30 com_github_MitjaNemec_PlaceFootprints.action_place_footprints 858:Reference designator is: U
12-04 20:02:30 com_github_MitjaNemec_PlaceFootprints.action_place_footprints 859:Reference number is: 69
12-04 20:02:30 com_github_MitjaNemec_PlaceFootprints.action_place_footprints 891:Sorted and filtered list:
['U1', 'U2', 'U3', 'U4', 'U5', 'U6', 'U7', 'U8', 'U9', 'U10', 'U11', 'U12', 'U13', 'U14', 'U15', 'U16', 'U17', 'U18', 'U19', 'U20', 'U21', 'U22', 'U23', 'U24', 'U25', 'U26', 'U27', 'U28', 'U29', 'U30', 'U31', 'U32', 'U33', 'U34', 'U35', 'U36', 'U37', 'U38', 'U39', 'U40', 'U41', 'U42', 'U43', 'U44', 'U45', 'U46', 'U47', 'U48', 'U49', 'U50', 'U51', 'U52', 'U53', 'U54', 'U55', 'U56', 'U57', 'U58', 'U59', 'U60', 'U61', 'U62', 'U63', 'U64', 'U65', 'U66', 'U67', 'U68', 'U69', 'U70', 'U71', 'U72', 'U73', 'U74', 'U75', 'U76', 'U77', 'U78', 'U79', 'U80', 'U81', 'U82', 'U83', 'U84', 'U85', 'U86', 'U87', 'U88', 'U89', 'U90', 'U91', 'U92', 'U93', 'U94', 'U95', 'U96', 'U97', 'U98', 'U99', 'U100', 'U101', 'U102', 'U103', 'U104', 'U105', 'U106', 'U107', 'U108', 'U109', 'U110', 'U111', 'U112', 'U113', 'U114', 'U115', 'U116', 'U117', 'U118']
12-04 20:02:30 com_github_MitjaNemec_PlaceFootprints.action_place_footprints 376:wx.Colour(38, 38, 38, 255)
12-04 20:03:12 com_github_MitjaNemec_PlaceFootprints.action_place_footprints 507:'82.55'
12-04 20:03:12 com_github_MitjaNemec_PlaceFootprints.action_place_footprints 559:Preparing config for reference circular
12-04 20:03:12 com_github_MitjaNemec_PlaceFootprints.action_place_footprints 573:Saving config file
12-04 20:03:12 com_github_MitjaNemec_PlaceFootprints.action_place_footprints 575:Saved the config file
12-04 20:03:13 com_github_MitjaNemec_PlaceFootprints.action_place_footprints 929:Footprints to place:
['U69', 'U76', 'U83', 'U90', 'U97', 'U104', 'U111', 'U118']
12-04 20:03:13 com_github_MitjaNemec_PlaceFootprints.place_footprints 359:Starting placing with circular layout
12-04 20:03:13 com_github_MitjaNemec_PlaceFootprints.place_footprints 369:reference footprint position at: VECTOR2I(0, -82550000)
12-04 20:03:13 com_github_MitjaNemec_PlaceFootprints.place_footprints 374:rotation center at: (0, 0.0)
12-04 20:03:13 com_github_MitjaNemec_PlaceFootprints.place_footprints 506:Text of: U69 has property "Keep upright" rotation might not look as intended
12-04 20:03:13 com_github_MitjaNemec_PlaceFootprints.place_footprints 506:Text of: U69 has property "Keep upright" rotation might not look as intended
12-04 20:03:13 com_github_MitjaNemec_PlaceFootprints.place_footprints 506:Text of: U69 has property "Keep upright" rotation might not look as intended
12-04 20:03:13 com_github_MitjaNemec_PlaceFootprints.place_footprints 506:Text of: U69 has property "Keep upright" rotation might not look as intended
12-04 20:03:13 com_github_MitjaNemec_PlaceFootprints.place_footprints 506:Text of: U69 has property "Keep upright" rotation might not look as intended
12-04 20:03:13 com_github_MitjaNemec_PlaceFootprints.place_footprints 506:Text of: U69 has property "Keep upright" rotation might not look as intended
12-04 20:03:13 com_github_MitjaNemec_PlaceFootprints.place_footprints 506:Text of: U69 has property "Keep upright" rotation might not look as intended
12-04 20:03:13 com_github_MitjaNemec_PlaceFootprints.place_footprints 506:Text of: U69 has property "Keep upright" rotation might not look as intended
12-04 20:03:13 com_github_MitjaNemec_PlaceFootprints.place_footprints 506:Text of: U69 has property "Keep upright" rotation might not look as intended
12-04 20:03:13 com_github_MitjaNemec_PlaceFootprints.place_footprints 506:Text of: U69 has property "Keep upright" rotation might not look as intended
12-04 20:03:13 com_github_MitjaNemec_PlaceFootprints.place_footprints 506:Text of: U69 has property "Keep upright" rotation might not look as intended
12-04 20:03:13 com_github_MitjaNemec_PlaceFootprints.place_footprints 506:Text of: U69 has property "Keep upright" rotation might not look as intended
12-04 20:03:13 com_github_MitjaNemec_PlaceFootprints.place_footprints 506:Text of: U69 has property "Keep upright" rotation might not look as intended
12-04 20:03:13 com_github_MitjaNemec_PlaceFootprints.place_footprints 506:Text of: U69 has property "Keep upright" rotation might not look as intended
12-04 20:03:13 com_github_MitjaNemec_PlaceFootprints.action_place_footprints 944:Placing complete
