12-31 14:29:03 com_github_MitjaNemec_ReplicateLayout.action_replicate_layout 409:Plugin executed on: 'darwin'
12-31 14:29:03 com_github_MitjaNemec_ReplicateLayout.action_replicate_layout 410:Plugin executed with python version: '3.9.13 (v3.9.13:6de2ca5339, May 17 2022, 11:37:23) \n[Clang 13.0.0 (clang-1300.0.29.30)]'
12-31 14:29:03 com_github_MitjaNemec_ReplicateLayout.action_replicate_layout 411:KiCad build version: 9.0.5
12-31 14:29:03 com_github_MitjaNemec_ReplicateLayout.action_replicate_layout 412:Plugin version: 4.0.3
12-31 14:29:03 com_github_MitjaNemec_ReplicateLayout.action_replicate_layout 413:Frame repr: <wx._core.Frame object at 0x13c399820>
12-31 14:29:03 com_github_MitjaNemec_ReplicateLayout.action_replicate_layout 437:Preparing replicator with D6 as a reference
12-31 14:29:03 com_github_MitjaNemec_ReplicateLayout.replicate_layout 117:getting a list of all footprints on board
12-31 14:29:03 com_github_MitjaNemec_ReplicateLayout.action_replicate_layout 485:source anchor footprint is 'D6'
Located on: ['/Cube 2 Header/']
With filenames: ['cube_1.kicad_sch']
With sheet_id:['/Cube 2 Header/']
12-31 14:29:03 com_github_MitjaNemec_ReplicateLayout.action_replicate_layout 492:Corresponding footprints are 
[('D6', ['/Cube 2 Header/']), ('D24', ['/Cube 1 Header/'])]
12-31 14:29:03 com_github_MitjaNemec_ReplicateLayout.action_replicate_layout 504:Showing dialog
12-31 14:29:03 com_github_MitjaNemec_ReplicateLayout.replicate_layout 472:constructing a list of sheets suitable for replication on level:'/Cube 2 Header/', file:'cube_1.kicad_sch'
12-31 14:29:03 com_github_MitjaNemec_ReplicateLayout.replicate_layout 509:suitable sheets are:[['/Cube 1 Header/']]
12-31 14:29:03 com_github_MitjaNemec_ReplicateLayout.replicate_layout 1512:Level selected: ['/Cube 2 Header/']
12-31 14:29:03 com_github_MitjaNemec_ReplicateLayout.replicate_layout 1336:Filtering list of tracks
12-31 14:29:04 com_github_MitjaNemec_ReplicateLayout.action_replicate_layout 510:Toolbar position: wx.Point(1190, 121)
12-31 14:29:04 com_github_MitjaNemec_ReplicateLayout.action_replicate_layout 515:Dialog position: wx.Point(751, 121)
12-31 14:29:10 com_github_MitjaNemec_ReplicateLayout.action_replicate_layout 329:User canceled the dialog
