11-06 12:16:15 svg2mod 1301:Font "UbuntuMono-B" does not natively support style "Regular" using "Path" instead
11-06 12:16:15 svg2mod 1301:Font "UbuntuMono-B" does not natively support style "Regular" using "Path" instead
11-06 12:16:15 svg2mod-unfiltered 262:Found SVG layer: F.SilkS
11-06 12:16:15 svg2mod 263:  Detailed names: [F.SilkS]
11-06 12:16:15 svg2mod 304:  Inlining 6 segments...
11-06 12:16:15 svg2mod 339:  Writing Text with 149 points
11-06 12:16:15 svg2mod 339:  Writing Text with 11 points
11-06 12:16:15 svg2mod 339:  Writing Text with 12 points
11-06 12:16:15 svg2mod 339:  Writing Text with 11 points
11-06 12:16:19 svg2mod 1301:Font "UbuntuMono-B" does not natively support style "Regular" using "Path" instead
11-06 12:16:19 svg2mod 1301:Font "UbuntuMono-B" does not natively support style "Regular" using "Path" instead
11-06 12:16:19 svg2mod-unfiltered 262:Found SVG layer: F.SilkS
11-06 12:16:19 svg2mod 263:  Detailed names: [F.SilkS]
11-06 12:16:19 svg2mod 304:  Inlining 1 segments...
11-06 12:16:19 svg2mod 339:  Writing Text with 53 points
11-06 12:16:19 svg2mod 1301:Font "UbuntuMono-B" does not natively support style "Regular" using "Path" instead
11-06 12:16:19 svg2mod 1301:Font "UbuntuMono-B" does not natively support style "Regular" using "Path" instead
11-06 12:16:19 svg2mod-unfiltered 262:Found SVG layer: F.SilkS
11-06 12:16:19 svg2mod 263:  Detailed names: [F.SilkS]
11-06 12:16:19 svg2mod 304:  Inlining 2 segments...
11-06 12:16:19 svg2mod 339:  Writing Text with 59 points
11-06 12:16:19 svg2mod 1301:Font "UbuntuMono-B" does not natively support style "Regular" using "Path" instead
11-06 12:16:19 svg2mod 1301:Font "UbuntuMono-B" does not natively support style "Regular" using "Path" instead
11-06 12:16:19 svg2mod-unfiltered 262:Found SVG layer: F.SilkS
11-06 12:16:19 svg2mod 263:  Detailed names: [F.SilkS]
11-06 12:16:19 svg2mod 304:  Inlining 3 segments...
11-06 12:16:19 svg2mod 339:  Writing Text with 92 points
11-06 12:16:19 svg2mod 339:  Writing Text with 12 points
11-06 12:16:20 svg2mod 1301:Font "UbuntuMono-B" does not natively support style "Regular" using "Path" instead
11-06 12:16:20 svg2mod 1301:Font "UbuntuMono-B" does not natively support style "Regular" using "Path" instead
11-06 12:16:20 svg2mod-unfiltered 262:Found SVG layer: F.SilkS
11-06 12:16:20 svg2mod 263:  Detailed names: [F.SilkS]
11-06 12:16:20 svg2mod 304:  Inlining 2 segments...
11-06 12:16:20 svg2mod 339:  Writing Text with 59 points
11-06 12:16:20 svg2mod 1301:Font "UbuntuMono-B" does not natively support style "Regular" using "Path" instead
11-06 12:16:20 svg2mod 1301:Font "UbuntuMono-B" does not natively support style "Regular" using "Path" instead
11-06 12:16:20 svg2mod-unfiltered 262:Found SVG layer: F.SilkS
11-06 12:16:20 svg2mod 263:  Detailed names: [F.SilkS]
11-06 12:16:20 svg2mod 304:  Inlining 3 segments...
11-06 12:16:20 svg2mod 339:  Writing Text with 87 points
11-06 12:16:20 svg2mod 339:  Writing Text with 10 points
11-06 12:16:21 svg2mod 1301:Font "UbuntuMono-B" does not natively support style "Regular" using "Path" instead
11-06 12:16:21 svg2mod 1301:Font "UbuntuMono-B" does not natively support style "Regular" using "Path" instead
11-06 12:16:21 svg2mod-unfiltered 262:Found SVG layer: F.SilkS
11-06 12:16:21 svg2mod 263:  Detailed names: [F.SilkS]
11-06 12:16:21 svg2mod 304:  Inlining 2 segments...
11-06 12:16:21 svg2mod 339:  Writing Text with 59 points
11-06 12:16:21 svg2mod 1301:Font "UbuntuMono-B" does not natively support style "Regular" using "Path" instead
11-06 12:16:21 svg2mod 1301:Font "UbuntuMono-B" does not natively support style "Regular" using "Path" instead
11-06 12:16:21 svg2mod-unfiltered 262:Found SVG layer: F.SilkS
11-06 12:16:21 svg2mod 263:  Detailed names: [F.SilkS]
11-06 12:16:21 svg2mod 304:  Inlining 1 segments...
11-06 12:16:21 svg2mod 339:  Writing Text with 53 points
11-06 12:16:22 svg2mod 1301:Font "UbuntuMono-B" does not natively support style "Regular" using "Path" instead
11-06 12:16:22 svg2mod 1301:Font "UbuntuMono-B" does not natively support style "Regular" using "Path" instead
11-06 12:16:22 svg2mod-unfiltered 262:Found SVG layer: F.SilkS
11-06 12:16:22 svg2mod 263:  Detailed names: [F.SilkS]
11-06 12:16:22 svg2mod 304:  Inlining 2 segments...
11-06 12:16:22 svg2mod 339:  Writing Text with 80 points
11-06 12:16:22 svg2mod 339:  Writing Text with 10 points
11-06 12:16:22 svg2mod 1301:Font "UbuntuMono-B" does not natively support style "Regular" using "Path" instead
11-06 12:16:22 svg2mod 1301:Font "UbuntuMono-B" does not natively support style "Regular" using "Path" instead
11-06 12:16:22 svg2mod-unfiltered 262:Found SVG layer: F.SilkS
11-06 12:16:22 svg2mod 263:  Detailed names: [F.SilkS]
11-06 12:16:22 svg2mod 304:  Inlining 2 segments...
11-06 12:16:22 svg2mod 339:  Writing Text with 80 points
11-06 12:16:22 svg2mod 339:  Writing Text with 10 points
11-06 12:16:22 svg2mod 1301:Font "UbuntuMono-B" does not natively support style "Regular" using "Path" instead
11-06 12:16:22 svg2mod 1301:Font "UbuntuMono-B" does not natively support style "Regular" using "Path" instead
11-06 12:16:22 svg2mod-unfiltered 262:Found SVG layer: F.SilkS
11-06 12:16:22 svg2mod 263:  Detailed names: [F.SilkS]
11-06 12:16:22 svg2mod 304:  Inlining 4 segments...
11-06 12:16:22 svg2mod 339:  Writing Text with 145 points
11-06 12:16:22 svg2mod 339:  Writing Text with 17 points
11-06 12:16:22 svg2mod 339:  Writing Text with 10 points
11-06 12:16:24 svg2mod 1301:Font "UbuntuMono-B" does not natively support style "Regular" using "Path" instead
11-06 12:16:24 svg2mod 1301:Font "UbuntuMono-B" does not natively support style "Regular" using "Path" instead
11-06 12:16:24 svg2mod-unfiltered 262:Found SVG layer: F.SilkS
11-06 12:16:24 svg2mod 263:  Detailed names: [F.SilkS]
11-06 12:16:24 svg2mod 304:  Inlining 5 segments...
11-06 12:16:24 svg2mod 339:  Writing Text with 178 points
11-06 12:16:24 svg2mod 339:  Writing Text with 17 points
11-06 12:16:24 svg2mod 339:  Writing Text with 10 points
11-06 12:16:24 svg2mod 339:  Writing Text with 16 points
11-06 12:16:25 svg2mod 1301:Font "UbuntuMono-B" does not natively support style "Regular" using "Path" instead
11-06 12:16:25 svg2mod 1301:Font "UbuntuMono-B" does not natively support style "Regular" using "Path" instead
11-06 12:16:25 svg2mod-unfiltered 262:Found SVG layer: F.SilkS
11-06 12:16:25 svg2mod 263:  Detailed names: [F.SilkS]
11-06 12:16:25 svg2mod 304:  Inlining 6 segments...
11-06 12:16:25 svg2mod 339:  Writing Text with 202 points
11-06 12:16:25 svg2mod 339:  Writing Text with 15 points
11-06 12:16:25 svg2mod 339:  Writing Text with 17 points
11-06 12:16:25 svg2mod 339:  Writing Text with 10 points
11-06 12:16:25 svg2mod 339:  Writing Text with 16 points
11-06 12:16:27 svg2mod-unfiltered 262:Found SVG layer: F.SilkS
11-06 12:16:27 svg2mod 263:  Detailed names: [F.SilkS]
11-06 12:16:27 svg2mod 304:  Inlining 6 segments...
11-06 12:16:27 svg2mod 339:  Writing Text with 202 points
11-06 12:16:27 svg2mod 339:  Writing Text with 15 points
11-06 12:16:27 svg2mod 339:  Writing Text with 17 points
11-06 12:16:27 svg2mod 339:  Writing Text with 10 points
11-06 12:16:27 svg2mod 339:  Writing Text with 16 points
11-06 12:17:30 svg2mod 1301:Font "UbuntuMono-B" does not natively support style "Regular" using "Path" instead
11-06 12:17:30 svg2mod 1301:Font "UbuntuMono-B" does not natively support style "Regular" using "Path" instead
11-06 12:17:30 svg2mod-unfiltered 262:Found SVG layer: F.SilkS
11-06 12:17:30 svg2mod 263:  Detailed names: [F.SilkS]
11-06 12:17:30 svg2mod 304:  Inlining 6 segments...
11-06 12:17:30 svg2mod 339:  Writing Text with 202 points
11-06 12:17:30 svg2mod 339:  Writing Text with 15 points
11-06 12:17:30 svg2mod 339:  Writing Text with 17 points
11-06 12:17:30 svg2mod 339:  Writing Text with 10 points
11-06 12:17:30 svg2mod 339:  Writing Text with 16 points
11-06 12:17:31 svg2mod 1301:Font "UbuntuMono-B" does not natively support style "Regular" using "Path" instead
11-06 12:17:31 svg2mod 1301:Font "UbuntuMono-B" does not natively support style "Regular" using "Path" instead
11-06 12:17:31 svg2mod-unfiltered 262:Found SVG layer: F.SilkS
11-06 12:17:31 svg2mod 263:  Detailed names: [F.SilkS]
11-06 12:17:31 svg2mod 304:  Inlining 5 segments...
11-06 12:17:31 svg2mod 339:  Writing Text with 162 points
11-06 12:17:31 svg2mod 339:  Writing Text with 15 points
11-06 12:17:31 svg2mod 339:  Writing Text with 17 points
11-06 12:17:31 svg2mod 339:  Writing Text with 10 points
11-06 12:17:31 svg2mod 339:  Writing Text with 16 points
11-06 12:17:32 svg2mod 1301:Font "UbuntuMono-B" does not natively support style "Regular" using "Path" instead
11-06 12:17:32 svg2mod 1301:Font "UbuntuMono-B" does not natively support style "Regular" using "Path" instead
11-06 12:17:32 svg2mod-unfiltered 262:Found SVG layer: F.SilkS
11-06 12:17:32 svg2mod 263:  Detailed names: [F.SilkS]
11-06 12:17:32 svg2mod 304:  Inlining 6 segments...
11-06 12:17:32 svg2mod 339:  Writing Text with 185 points
11-06 12:17:32 svg2mod 339:  Writing Text with 15 points
11-06 12:17:32 svg2mod 339:  Writing Text with 17 points
11-06 12:17:32 svg2mod 339:  Writing Text with 10 points
11-06 12:17:32 svg2mod 339:  Writing Text with 16 points
11-06 12:17:33 svg2mod 1301:Font "UbuntuMono-B" does not natively support style "Regular" using "Path" instead
11-06 12:17:33 svg2mod 1301:Font "UbuntuMono-B" does not natively support style "Regular" using "Path" instead
11-06 12:17:33 svg2mod-unfiltered 262:Found SVG layer: F.SilkS
11-06 12:17:33 svg2mod 263:  Detailed names: [F.SilkS]
11-06 12:17:33 svg2mod 304:  Inlining 5 segments...
11-06 12:17:33 svg2mod 339:  Writing Text with 151 points
11-06 12:17:33 svg2mod 339:  Writing Text with 15 points
11-06 12:17:33 svg2mod 339:  Writing Text with 17 points
11-06 12:17:33 svg2mod 339:  Writing Text with 10 points
11-06 12:17:34 svg2mod 1301:Font "UbuntuMono-B" does not natively support style "Regular" using "Path" instead
11-06 12:17:34 svg2mod 1301:Font "UbuntuMono-B" does not natively support style "Regular" using "Path" instead
11-06 12:17:34 svg2mod-unfiltered 262:Found SVG layer: F.SilkS
11-06 12:17:34 svg2mod 263:  Detailed names: [F.SilkS]
11-06 12:17:34 svg2mod 304:  Inlining 6 segments...
11-06 12:17:34 svg2mod 339:  Writing Text with 188 points
11-06 12:17:34 svg2mod 339:  Writing Text with 15 points
11-06 12:17:34 svg2mod 339:  Writing Text with 17 points
11-06 12:17:34 svg2mod 339:  Writing Text with 10 points
11-06 12:17:34 svg2mod 339:  Writing Text with 11 points
11-06 12:17:34 svg2mod 339:  Writing Text with 10 points
11-06 12:17:35 svg2mod 1301:Font "UbuntuMono-B" does not natively support style "Regular" using "Path" instead
11-06 12:17:35 svg2mod 1301:Font "UbuntuMono-B" does not natively support style "Regular" using "Path" instead
11-06 12:17:35 svg2mod-unfiltered 262:Found SVG layer: F.SilkS
11-06 12:17:35 svg2mod 263:  Detailed names: [F.SilkS]
11-06 12:17:35 svg2mod 304:  Inlining 6 segments...
11-06 12:17:35 svg2mod 339:  Writing Text with 193 points
11-06 12:17:35 svg2mod 339:  Writing Text with 17 points
11-06 12:17:35 svg2mod 339:  Writing Text with 10 points
11-06 12:17:35 svg2mod 339:  Writing Text with 11 points
11-06 12:17:35 svg2mod 339:  Writing Text with 11 points
11-06 12:17:35 svg2mod 339:  Writing Text with 10 points
11-06 12:17:35 svg2mod 339:  Writing Text with 11 points
11-06 12:17:37 svg2mod-unfiltered 262:Found SVG layer: F.SilkS
11-06 12:17:37 svg2mod 263:  Detailed names: [F.SilkS]
11-06 12:17:37 svg2mod 304:  Inlining 6 segments...
11-06 12:17:37 svg2mod 339:  Writing Text with 193 points
11-06 12:17:37 svg2mod 339:  Writing Text with 17 points
11-06 12:17:37 svg2mod 339:  Writing Text with 10 points
11-06 12:17:37 svg2mod 339:  Writing Text with 11 points
11-06 12:17:37 svg2mod 339:  Writing Text with 11 points
11-06 12:17:37 svg2mod 339:  Writing Text with 10 points
11-06 12:17:37 svg2mod 339:  Writing Text with 11 points
11-06 12:19:41 svg2mod 1301:Font "UbuntuMono-B" does not natively support style "Regular" using "Path" instead
11-06 12:19:41 svg2mod 1301:Font "UbuntuMono-B" does not natively support style "Regular" using "Path" instead
11-06 12:19:41 svg2mod-unfiltered 262:Found SVG layer: F.SilkS
11-06 12:19:41 svg2mod 263:  Detailed names: [F.SilkS]
11-06 12:19:41 svg2mod 304:  Inlining 6 segments...
11-06 12:19:41 svg2mod 339:  Writing Text with 202 points
11-06 12:19:41 svg2mod 339:  Writing Text with 15 points
11-06 12:19:41 svg2mod 339:  Writing Text with 17 points
11-06 12:19:41 svg2mod 339:  Writing Text with 10 points
11-06 12:19:41 svg2mod 339:  Writing Text with 16 points
11-06 12:19:42 svg2mod 1301:Font "UbuntuMono-B" does not natively support style "Regular" using "Path" instead
11-06 12:19:42 svg2mod 1301:Font "UbuntuMono-B" does not natively support style "Regular" using "Path" instead
11-06 12:19:42 svg2mod-unfiltered 262:Found SVG layer: F.SilkS
11-06 12:19:42 svg2mod 263:  Detailed names: [F.SilkS]
11-06 12:19:42 svg2mod 304:  Inlining 5 segments...
11-06 12:19:42 svg2mod 339:  Writing Text with 162 points
11-06 12:19:42 svg2mod 339:  Writing Text with 15 points
11-06 12:19:42 svg2mod 339:  Writing Text with 17 points
11-06 12:19:42 svg2mod 339:  Writing Text with 10 points
11-06 12:19:42 svg2mod 339:  Writing Text with 16 points
11-06 12:19:43 svg2mod 1301:Font "UbuntuMono-B" does not natively support style "Regular" using "Path" instead
11-06 12:19:43 svg2mod 1301:Font "UbuntuMono-B" does not natively support style "Regular" using "Path" instead
11-06 12:19:43 svg2mod-unfiltered 262:Found SVG layer: F.SilkS
11-06 12:19:43 svg2mod 263:  Detailed names: [F.SilkS]
11-06 12:19:43 svg2mod 304:  Inlining 6 segments...
11-06 12:19:43 svg2mod 339:  Writing Text with 179 points
11-06 12:19:43 svg2mod 339:  Writing Text with 15 points
11-06 12:19:43 svg2mod 339:  Writing Text with 17 points
11-06 12:19:43 svg2mod 339:  Writing Text with 10 points
11-06 12:19:43 svg2mod 339:  Writing Text with 16 points
11-06 12:19:44 svg2mod 1301:Font "UbuntuMono-B" does not natively support style "Regular" using "Path" instead
11-06 12:19:44 svg2mod 1301:Font "UbuntuMono-B" does not natively support style "Regular" using "Path" instead
11-06 12:19:44 svg2mod-unfiltered 262:Found SVG layer: F.SilkS
11-06 12:19:44 svg2mod 263:  Detailed names: [F.SilkS]
11-06 12:19:44 svg2mod 304:  Inlining 5 segments...
11-06 12:19:44 svg2mod 339:  Writing Text with 145 points
11-06 12:19:44 svg2mod 339:  Writing Text with 15 points
11-06 12:19:44 svg2mod 339:  Writing Text with 17 points
11-06 12:19:44 svg2mod 339:  Writing Text with 10 points
11-06 12:19:45 svg2mod 1301:Font "UbuntuMono-B" does not natively support style "Regular" using "Path" instead
11-06 12:19:45 svg2mod 1301:Font "UbuntuMono-B" does not natively support style "Regular" using "Path" instead
11-06 12:19:45 svg2mod-unfiltered 262:Found SVG layer: F.SilkS
11-06 12:19:45 svg2mod 263:  Detailed names: [F.SilkS]
11-06 12:19:45 svg2mod 304:  Inlining 6 segments...
11-06 12:19:45 svg2mod 339:  Writing Text with 195 points
11-06 12:19:45 svg2mod 339:  Writing Text with 15 points
11-06 12:19:45 svg2mod 339:  Writing Text with 17 points
11-06 12:19:45 svg2mod 339:  Writing Text with 10 points
11-06 12:19:46 svg2mod 1301:Font "UbuntuMono-B" does not natively support style "Regular" using "Path" instead
11-06 12:19:46 svg2mod 1301:Font "UbuntuMono-B" does not natively support style "Regular" using "Path" instead
11-06 12:19:46 svg2mod-unfiltered 262:Found SVG layer: F.SilkS
11-06 12:19:46 svg2mod 263:  Detailed names: [F.SilkS]
11-06 12:19:46 svg2mod 304:  Inlining 6 segments...
11-06 12:19:46 svg2mod 339:  Writing Text with 184 points
11-06 12:19:46 svg2mod 339:  Writing Text with 15 points
11-06 12:19:46 svg2mod 339:  Writing Text with 17 points
11-06 12:19:46 svg2mod 339:  Writing Text with 10 points
11-06 12:19:47 svg2mod-unfiltered 262:Found SVG layer: F.SilkS
11-06 12:19:47 svg2mod 263:  Detailed names: [F.SilkS]
11-06 12:19:47 svg2mod 304:  Inlining 6 segments...
11-06 12:19:47 svg2mod 339:  Writing Text with 184 points
11-06 12:19:47 svg2mod 339:  Writing Text with 15 points
11-06 12:19:47 svg2mod 339:  Writing Text with 17 points
11-06 12:19:47 svg2mod 339:  Writing Text with 10 points
11-06 12:19:50 svg2mod 1301:Font "UbuntuMono-B" does not natively support style "Regular" using "Path" instead
11-06 12:19:50 svg2mod 1301:Font "UbuntuMono-B" does not natively support style "Regular" using "Path" instead
11-06 12:19:50 svg2mod-unfiltered 262:Found SVG layer: F.SilkS
11-06 12:19:50 svg2mod 263:  Detailed names: [F.SilkS]
11-06 12:19:50 svg2mod 304:  Inlining 6 segments...
11-06 12:19:50 svg2mod 339:  Writing Text with 193 points
11-06 12:19:50 svg2mod 339:  Writing Text with 17 points
11-06 12:19:50 svg2mod 339:  Writing Text with 10 points
11-06 12:19:50 svg2mod 339:  Writing Text with 11 points
11-06 12:19:50 svg2mod 339:  Writing Text with 11 points
11-06 12:19:50 svg2mod 339:  Writing Text with 10 points
11-06 12:19:50 svg2mod 339:  Writing Text with 11 points
11-06 12:19:52 svg2mod 1301:Font "UbuntuMono-B" does not natively support style "Regular" using "Path" instead
11-06 12:19:52 svg2mod 1301:Font "UbuntuMono-B" does not natively support style "Regular" using "Path" instead
11-06 12:19:52 svg2mod-unfiltered 262:Found SVG layer: F.SilkS
11-06 12:19:52 svg2mod 263:  Detailed names: [F.SilkS]
11-06 12:19:52 svg2mod 304:  Inlining 5 segments...
11-06 12:19:52 svg2mod 339:  Writing Text with 170 points
11-06 12:19:52 svg2mod 339:  Writing Text with 17 points
11-06 12:19:52 svg2mod 339:  Writing Text with 10 points
11-06 12:19:52 svg2mod 339:  Writing Text with 11 points
11-06 12:19:52 svg2mod 339:  Writing Text with 11 points
11-06 12:19:52 svg2mod 339:  Writing Text with 10 points
11-06 12:19:52 svg2mod 339:  Writing Text with 11 points
11-06 12:19:52 svg2mod 1301:Font "UbuntuMono-B" does not natively support style "Regular" using "Path" instead
11-06 12:19:52 svg2mod 1301:Font "UbuntuMono-B" does not natively support style "Regular" using "Path" instead
11-06 12:19:52 svg2mod-unfiltered 262:Found SVG layer: F.SilkS
11-06 12:19:52 svg2mod 263:  Detailed names: [F.SilkS]
11-06 12:19:52 svg2mod 304:  Inlining 6 segments...
11-06 12:19:52 svg2mod 339:  Writing Text with 220 points
11-06 12:19:52 svg2mod 339:  Writing Text with 17 points
11-06 12:19:52 svg2mod 339:  Writing Text with 10 points
11-06 12:19:52 svg2mod 339:  Writing Text with 11 points
11-06 12:19:52 svg2mod 339:  Writing Text with 11 points
11-06 12:19:52 svg2mod 339:  Writing Text with 10 points
11-06 12:19:52 svg2mod 339:  Writing Text with 11 points
11-06 12:19:53 svg2mod 1301:Font "UbuntuMono-B" does not natively support style "Regular" using "Path" instead
11-06 12:19:53 svg2mod 1301:Font "UbuntuMono-B" does not natively support style "Regular" using "Path" instead
11-06 12:19:53 svg2mod-unfiltered 262:Found SVG layer: F.SilkS
11-06 12:19:53 svg2mod 263:  Detailed names: [F.SilkS]
11-06 12:19:53 svg2mod 304:  Inlining 5 segments...
11-06 12:19:53 svg2mod 339:  Writing Text with 183 points
11-06 12:19:53 svg2mod 339:  Writing Text with 17 points
11-06 12:19:53 svg2mod 339:  Writing Text with 10 points
11-06 12:19:53 svg2mod 339:  Writing Text with 11 points
11-06 12:19:53 svg2mod 339:  Writing Text with 11 points
11-06 12:19:53 svg2mod 1301:Font "UbuntuMono-B" does not natively support style "Regular" using "Path" instead
11-06 12:19:53 svg2mod 1301:Font "UbuntuMono-B" does not natively support style "Regular" using "Path" instead
11-06 12:19:53 svg2mod-unfiltered 262:Found SVG layer: F.SilkS
11-06 12:19:53 svg2mod 263:  Detailed names: [F.SilkS]
11-06 12:19:53 svg2mod 304:  Inlining 6 segments...
11-06 12:19:53 svg2mod 339:  Writing Text with 204 points
11-06 12:19:53 svg2mod 339:  Writing Text with 17 points
11-06 12:19:53 svg2mod 339:  Writing Text with 10 points
11-06 12:19:53 svg2mod 339:  Writing Text with 7 points
11-06 12:19:53 svg2mod 339:  Writing Text with 11 points
11-06 12:19:53 svg2mod 339:  Writing Text with 11 points
11-06 12:19:55 svg2mod-unfiltered 262:Found SVG layer: F.SilkS
11-06 12:19:55 svg2mod 263:  Detailed names: [F.SilkS]
11-06 12:19:55 svg2mod 304:  Inlining 6 segments...
11-06 12:19:55 svg2mod 339:  Writing Text with 203 points
11-06 12:19:55 svg2mod 339:  Writing Text with 17 points
11-06 12:19:55 svg2mod 339:  Writing Text with 10 points
11-06 12:19:55 svg2mod 339:  Writing Text with 7 points
11-06 12:19:55 svg2mod 339:  Writing Text with 11 points
11-06 12:19:55 svg2mod 339:  Writing Text with 11 points
